[    0.000000] Linux version 4.15.0-159-generic (buildd@lgw01-amd64-055) (gcc version 7.5.0 (Ubuntu 7.5.0-3ubuntu1~18.04)) #167-Ubuntu SMP Tue Sep 21 08:55:05 UTC 2021 (Ubuntu 4.15.0-159.167-generic 4.15.18)
[    0.000000] Command line: BOOT_IMAGE=/boot/vmlinuz-4.15.0-159-generic root=LABEL=cloudimg-rootfs ro console=tty1 console=ttyS0
[    0.000000] KERNEL supported cpus:
[    0.000000]   Intel GenuineIntel
[    0.000000]   AMD AuthenticAMD
[    0.000000]   Centaur CentaurHauls
[    0.000000] [Firmware Bug]: TSC doesn't count with P0 frequency!
[    0.000000] x86/fpu: Supporting XSAVE feature 0x001: 'x87 floating point registers'
[    0.000000] x86/fpu: Supporting XSAVE feature 0x002: 'SSE registers'
[    0.000000] x86/fpu: Supporting XSAVE feature 0x004: 'AVX registers'
[    0.000000] x86/fpu: xstate_offset[2]:  576, xstate_sizes[2]:  256
[    0.000000] x86/fpu: Enabled xstate features 0x7, context size is 832 bytes, using 'standard' format.
[    0.000000] e820: BIOS-provided physical RAM map:
[    0.000000] BIOS-e820: [mem 0x0000000000000000-0x000000000009fbff] usable
[    0.000000] BIOS-e820: [mem 0x000000000009fc00-0x000000000009ffff] reserved
[    0.000000] BIOS-e820: [mem 0x00000000000f0000-0x00000000000fffff] reserved
[    0.000000] BIOS-e820: [mem 0x0000000000100000-0x000000003ffeffff] usable
[    0.000000] BIOS-e820: [mem 0x000000003fff0000-0x000000003fffffff] ACPI data
[    0.000000] BIOS-e820: [mem 0x00000000fec00000-0x00000000fec00fff] reserved
[    0.000000] BIOS-e820: [mem 0x00000000fee00000-0x00000000fee00fff] reserved
[    0.000000] BIOS-e820: [mem 0x00000000fffc0000-0x00000000ffffffff] reserved
[    0.000000] NX (Execute Disable) protection: active
[    0.000000] SMBIOS 2.5 present.
[    0.000000] DMI: innotek GmbH VirtualBox/VirtualBox, BIOS VirtualBox 12/01/2006
[    0.000000] Hypervisor detected: KVM
[    0.000000] e820: last_pfn = 0x3fff0 max_arch_pfn = 0x400000000
[    0.000000] MTRR: Disabled
[    0.000000] x86/PAT: MTRRs disabled, skipping PAT initialization too.
[    0.000000] CPU MTRRs all blank - virtualized system.
[    0.000000] x86/PAT: Configuration [0-7]: WB  WT  UC- UC  WB  WT  UC- UC  
[    0.000000] found SMP MP-table at [mem 0x0009fff0-0x0009ffff]
[    0.000000] Scanning 1 areas for low memory corruption
[    0.000000] RAMDISK: [mem 0x359cb000-0x36cdcfff]
[    0.000000] ACPI: Early table checksum verification disabled
[    0.000000] ACPI: RSDP 0x00000000000E0000 000024 (v02 VBOX  )
[    0.000000] ACPI: XSDT 0x000000003FFF0030 00003C (v01 VBOX   VBOXXSDT 00000001 ASL  00000061)
[    0.000000] ACPI: FACP 0x000000003FFF00F0 0000F4 (v04 VBOX   VBOXFACP 00000001 ASL  00000061)
[    0.000000] ACPI: DSDT 0x000000003FFF0470 002325 (v02 VBOX   VBOXBIOS 00000002 INTL 20100528)
[    0.000000] ACPI: FACS 0x000000003FFF0200 000040
[    0.000000] ACPI: FACS 0x000000003FFF0200 000040
[    0.000000] ACPI: APIC 0x000000003FFF0240 00005C (v02 VBOX   VBOXAPIC 00000001 ASL  00000061)
[    0.000000] ACPI: SSDT 0x000000003FFF02A0 0001CC (v01 VBOX   VBOXCPUT 00000002 INTL 20100528)
[    0.000000] ACPI: Reserving FACP table memory at [mem 0x3fff00f0-0x3fff01e3]
[    0.000000] ACPI: Reserving DSDT table memory at [mem 0x3fff0470-0x3fff2794]
[    0.000000] ACPI: Reserving FACS table memory at [mem 0x3fff0200-0x3fff023f]
[    0.000000] ACPI: Reserving FACS table memory at [mem 0x3fff0200-0x3fff023f]
[    0.000000] ACPI: Reserving APIC table memory at [mem 0x3fff0240-0x3fff029b]
[    0.000000] ACPI: Reserving SSDT table memory at [mem 0x3fff02a0-0x3fff046b]
[    0.000000] No NUMA configuration found
[    0.000000] Faking a node at [mem 0x0000000000000000-0x000000003ffeffff]
[    0.000000] NODE_DATA(0) allocated [mem 0x3ffc5000-0x3ffeffff]
[    0.000000] kvm-clock: cpu 0, msr 0:3ff44001, primary cpu clock
[    0.000000] kvm-clock: Using msrs 4b564d01 and 4b564d00
[    0.000000] kvm-clock: using sched offset of 3262151713 cycles
[    0.000000] clocksource: kvm-clock: mask: 0xffffffffffffffff max_cycles: 0x1cd42e4dffb, max_idle_ns: 881590591483 ns
[    0.000000] Zone ranges:
[    0.000000]   DMA      [mem 0x0000000000001000-0x0000000000ffffff]
[    0.000000]   DMA32    [mem 0x0000000001000000-0x000000003ffeffff]
[    0.000000]   Normal   empty
[    0.000000]   Device   empty
[    0.000000] Movable zone start for each node
[    0.000000] Early memory node ranges
[    0.000000]   node   0: [mem 0x0000000000001000-0x000000000009efff]
[    0.000000]   node   0: [mem 0x0000000000100000-0x000000003ffeffff]
[    0.000000] Reserved but unavailable: 104 pages
[    0.000000] Initmem setup node 0 [mem 0x0000000000001000-0x000000003ffeffff]
[    0.000000] ACPI: PM-Timer IO Port: 0x4008
[    0.000000] IOAPIC[0]: apic_id 2, version 32, address 0xfec00000, GSI 0-23
[    0.000000] ACPI: INT_SRC_OVR (bus 0 bus_irq 0 global_irq 2 dfl dfl)
[    0.000000] ACPI: INT_SRC_OVR (bus 0 bus_irq 9 global_irq 9 low level)
[    0.000000] Using ACPI (MADT) for SMP configuration information
[    0.000000] smpboot: Allowing 2 CPUs, 0 hotplug CPUs
[    0.000000] PM: Registered nosave memory: [mem 0x00000000-0x00000fff]
[    0.000000] PM: Registered nosave memory: [mem 0x0009f000-0x0009ffff]
[    0.000000] PM: Registered nosave memory: [mem 0x000a0000-0x000effff]
[    0.000000] PM: Registered nosave memory: [mem 0x000f0000-0x000fffff]
[    0.000000] e820: [mem 0x40000000-0xfebfffff] available for PCI devices
[    0.000000] Booting paravirtualized kernel on KVM
[    0.000000] clocksource: refined-jiffies: mask: 0xffffffff max_cycles: 0xffffffff, max_idle_ns: 7645519600211568 ns
[    0.000000] random: get_random_bytes called from start_kernel+0x99/0x500 with crng_init=0
[    0.000000] setup_percpu: NR_CPUS:8192 nr_cpumask_bits:2 nr_cpu_ids:2 nr_node_ids:1
[    0.000000] percpu: Embedded 45 pages/cpu s147456 r8192 d28672 u1048576
[    0.000000] PV qspinlock hash table entries: 256 (order: 0, 4096 bytes)
[    0.000000] Built 1 zonelists, mobility grouping on.  Total pages: 257913
[    0.000000] Policy zone: DMA32
[    0.000000] Kernel command line: BOOT_IMAGE=/boot/vmlinuz-4.15.0-159-generic root=LABEL=cloudimg-rootfs ro console=tty1 console=ttyS0
[    0.000000] Memory: 982708K/1048120K available (12300K kernel code, 2483K rwdata, 4320K rodata, 2448K init, 2724K bss, 65412K reserved, 0K cma-reserved)
[    0.000000] SLUB: HWalign=64, Order=0-3, MinObjects=0, CPUs=2, Nodes=1
[    0.000000] ftrace: allocating 39471 entries in 155 pages
[    0.004000] Hierarchical RCU implementation.
[    0.004000] 	RCU restricting CPUs from NR_CPUS=8192 to nr_cpu_ids=2.
[    0.004000] 	Tasks RCU enabled.
[    0.004000] RCU: Adjusting geometry for rcu_fanout_leaf=16, nr_cpu_ids=2
[    0.004000] NR_IRQS: 524544, nr_irqs: 440, preallocated irqs: 16
[    0.004000] Console: colour VGA+ 80x25
[    0.004000] console [tty1] enabled
[    0.004000] console [ttyS0] enabled
[    0.004000] ACPI: Core revision 20170831
[    0.004000] ACPI: 2 ACPI AML tables successfully acquired and loaded
[    0.004000] APIC: Switch to symmetric I/O mode setup
[    0.004000] x2apic enabled
[    0.004000] Switched APIC routing to physical x2apic.
[    0.004000] ..TIMER: vector=0x30 apic1=0 pin1=2 apic2=-1 pin2=-1
[    0.004000] tsc: Detected 3799.992 MHz processor
[    0.004000] Calibrating delay loop (skipped) preset value.. 7599.98 BogoMIPS (lpj=15199968)
[    0.004000] pid_max: default: 32768 minimum: 301
[    0.004000] Security Framework initialized
[    0.004000] Yama: becoming mindful.
[    0.004000] AppArmor: AppArmor initialized
[    0.004000] Dentry cache hash table entries: 131072 (order: 8, 1048576 bytes)
[    0.004000] Inode-cache hash table entries: 65536 (order: 7, 524288 bytes)
[    0.004000] Mount-cache hash table entries: 2048 (order: 2, 16384 bytes)
[    0.004000] Mountpoint-cache hash table entries: 2048 (order: 2, 16384 bytes)
[    0.004000] Last level iTLB entries: 4KB 512, 2MB 512, 4MB 256
[    0.004000] Last level dTLB entries: 4KB 2048, 2MB 2048, 4MB 1024, 1GB 0
[    0.004000] Spectre V1 : Mitigation: usercopy/swapgs barriers and __user pointer sanitization
[    0.004000] Spectre V2 : Spectre mitigation: LFENCE not serializing, switching to generic retpoline
[    0.004000] Spectre V2 : Mitigation: Full generic retpoline
[    0.004000] Spectre V2 : Spectre v2 / SpectreRSB mitigation: Filling RSB on context switch
[    0.004000] Speculative Store Bypass: Vulnerable
[    0.004000] Freeing SMP alternatives memory: 36K
[    0.120912] APIC calibration not consistent with PM-Timer: 105ms instead of 100ms
[    0.121670] APIC delta adjusted to PM-Timer: 6444095 (6769330)
[    0.122273] smpboot: CPU0: AMD Ryzen 7 5800X 8-Core Processor (family: 0x19, model: 0x21, stepping: 0x0)
[    0.123220] Performance Events: PMU not available due to virtualization, using software events only.
[    0.124000] Hierarchical SRCU implementation.
[    0.124000] NMI watchdog: Perf event create on CPU 0 failed with -2
[    0.124000] NMI watchdog: Perf NMI watchdog permanently disabled
[    0.124000] smp: Bringing up secondary CPUs ...
[    0.124000] x86: Booting SMP configuration:
[    0.124001] .... node  #0, CPUs:      #1
[    0.004000] kvm-clock: cpu 1, msr 0:3ff44041, secondary cpu clock
[    0.126900] smp: Brought up 1 node, 2 CPUs
[    0.126900] smpboot: Max logical packages: 1
[    0.128002] smpboot: Total of 2 processors activated (15199.96 BogoMIPS)
[    0.128663] devtmpfs: initialized
[    0.128663] x86/mm: Memory block size: 128MB
[    0.128949] evm: security.selinux
[    0.129292] evm: security.SMACK64
[    0.129629] evm: security.SMACK64EXEC
[    0.129996] evm: security.SMACK64TRANSMUTE
[    0.130405] evm: security.SMACK64MMAP
[    0.130768] evm: security.apparmor
[    0.131105] evm: security.ima
[    0.131415] evm: security.capability
[    0.132033] clocksource: jiffies: mask: 0xffffffff max_cycles: 0xffffffff, max_idle_ns: 7645041785100000 ns
[    0.132946] futex hash table entries: 512 (order: 3, 32768 bytes)
[    0.133551] pinctrl core: initialized pinctrl subsystem
[    0.133551] RTC time:  1:32:06, date: 10/06/21
[    0.133551] NET: Registered protocol family 16
[    0.133551] audit: initializing netlink subsys (disabled)
[    0.136016] audit: type=2000 audit(1633483930.807:1): state=initialized audit_enabled=0 res=1
[    0.136959] cpuidle: using governor ladder
[    0.136959] cpuidle: using governor menu
[    0.136959] ACPI: bus type PCI registered
[    0.136959] acpiphp: ACPI Hot Plug PCI Controller Driver version: 0.5
[    0.136959] PCI: Using configuration type 1 for base access
[    0.137215] PCI: Using configuration type 1 for extended access
[    0.140418] HugeTLB registered 2.00 MiB page size, pre-allocated 0 pages
[    0.140646] ACPI: Added _OSI(Module Device)
[    0.140646] ACPI: Added _OSI(Processor Device)
[    0.140646] ACPI: Added _OSI(3.0 _SCP Extensions)
[    0.140901] ACPI: Added _OSI(Processor Aggregator Device)
[    0.141416] ACPI: Added _OSI(Linux-Dell-Video)
[    0.141861] ACPI: Added _OSI(Linux-Lenovo-NV-HDMI-Audio)
[    0.142370] ACPI: Added _OSI(Linux-HPI-Hybrid-Graphics)
[    0.143025] ACPI: Executed 1 blocks of module-level executable AML code
[    0.145152] ACPI: Interpreter enabled
[    0.145639] ACPI: (supports S0 S5)
[    0.146008] ACPI: Using IOAPIC for interrupt routing
[    0.146602] PCI: Using host bridge windows from ACPI; if necessary, use "pci=nocrs" and report a bug
[    0.147544] ACPI: Enabled 2 GPEs in block 00 to 07
[    0.150667] ACPI: PCI Root Bridge [PCI0] (domain 0000 [bus 00-ff])
[    0.151250] acpi PNP0A03:00: _OSC: OS supports [ExtendedConfig ASPM ClockPM Segments MSI]
[    0.152442] acpi PNP0A03:00: _OSC: platform does not support [PCIeCapability]
[    0.153337] acpi PNP0A03:00: _OSC: not requesting control; platform does not support [PCIeCapability]
[    0.154205] acpi PNP0A03:00: _OSC: OS requested [PCIeHotplug PME AER PCIeCapability]
[    0.155432] acpi PNP0A03:00: _OSC: platform willing to grant [PCIeHotplug PME AER]
[    0.156001] acpi PNP0A03:00: _OSC failed (AE_SUPPORT); disabling ASPM
[    0.156782] PCI host bridge to bus 0000:00
[    0.157188] pci_bus 0000:00: root bus resource [io  0x0000-0x0cf7 window]
[    0.157812] pci_bus 0000:00: root bus resource [io  0x0d00-0xffff window]
[    0.158449] pci_bus 0000:00: root bus resource [mem 0x000a0000-0x000bffff window]
[    0.159160] pci_bus 0000:00: root bus resource [mem 0x40000000-0xfdffffff window]
[    0.160001] pci_bus 0000:00: root bus resource [bus 00-ff]
[    0.161538] pci 0000:00:01.1: legacy IDE quirk: reg 0x10: [io  0x01f0-0x01f7]
[    0.162178] pci 0000:00:01.1: legacy IDE quirk: reg 0x14: [io  0x03f6]
[    0.162784] pci 0000:00:01.1: legacy IDE quirk: reg 0x18: [io  0x0170-0x0177]
[    0.163417] pci 0000:00:01.1: legacy IDE quirk: reg 0x1c: [io  0x0376]
[    0.168798] pci 0000:00:07.0: quirk: [io  0x4000-0x403f] claimed by PIIX4 ACPI
[    0.169508] pci 0000:00:07.0: quirk: [io  0x4100-0x410f] claimed by PIIX4 SMB
[    0.173507] ACPI: PCI Interrupt Link [LNKA] (IRQs 5 9 10 *11)
[    0.174211] ACPI: PCI Interrupt Link [LNKB] (IRQs 5 9 *10 11)
[    0.174793] ACPI: PCI Interrupt Link [LNKC] (IRQs 5 *9 10 11)
[    0.175382] ACPI: PCI Interrupt Link [LNKD] (IRQs 5 9 10 *11)
[    0.176000] SCSI subsystem initialized
[    0.176016] pci 0000:00:02.0: vgaarb: setting as boot VGA device
[    0.176587] pci 0000:00:02.0: vgaarb: VGA device added: decodes=io+mem,owns=io+mem,locks=none
[    0.177386] pci 0000:00:02.0: vgaarb: bridge control possible
[    0.177917] vgaarb: loaded
[    0.178221] ACPI: bus type USB registered
[    0.178627] usbcore: registered new interface driver usbfs
[    0.179206] usbcore: registered new interface driver hub
[    0.179708] usbcore: registered new device driver usb
[    0.180023] EDAC MC: Ver: 3.0.0
[    0.184019] PCI: Using ACPI for IRQ routing
[    0.184565] NetLabel: Initializing
[    0.184911] NetLabel:  domain hash size = 128
[    0.185336] NetLabel:  protocols = UNLABELED CIPSOv4 CALIPSO
[    0.185873] NetLabel:  unlabeled traffic allowed by default
[    0.186422] clocksource: Switched to clocksource kvm-clock
[    0.194613] VFS: Disk quotas dquot_6.6.0
[    0.195033] VFS: Dquot-cache hash table entries: 512 (order 0, 4096 bytes)
[    0.195196] AppArmor: AppArmor Filesystem Enabled
[    0.195196] pnp: PnP ACPI init
[    0.195196] pnp: PnP ACPI: found 3 devices
[    0.204228] clocksource: acpi_pm: mask: 0xffffff max_cycles: 0xffffff, max_idle_ns: 2085701024 ns
[    0.205099] NET: Registered protocol family 2
[    0.207365] IP idents hash table entries: 16384 (order: 5, 131072 bytes)
[    0.208073] TCP established hash table entries: 8192 (order: 4, 65536 bytes)
[    0.208727] TCP bind hash table entries: 8192 (order: 5, 131072 bytes)
[    0.209359] TCP: Hash tables configured (established 8192 bind 8192)
[    0.209947] UDP hash table entries: 512 (order: 2, 16384 bytes)
[    0.210555] UDP-Lite hash table entries: 512 (order: 2, 16384 bytes)
[    0.211297] NET: Registered protocol family 1
[    0.211725] pci 0000:00:00.0: Limiting direct PCI/PCI transfers
[    0.212290] pci 0000:00:01.0: Activating ISA DMA hang workarounds
[    0.212896] pci 0000:00:02.0: Video device with shadowed ROM at [mem 0x000c0000-0x000dffff]
[    0.213798] Unpacking initramfs...
[    0.216272] Freeing initrd memory: 19528K
[    0.216272] clocksource: tsc: mask: 0xffffffffffffffff max_cycles: 0x6d8ca23bb87, max_idle_ns: 881590913603 ns
[    0.216272] platform rtc_cmos: registered platform RTC device (no PNP device found)
[    0.216272] Scanning for low memory corruption every 60 seconds
[    0.396628] Initialise system trusted keyrings
[    0.397084] Key type blacklist registered
[    0.397544] workingset: timestamp_bits=36 max_order=18 bucket_order=0
[    0.398546] zbud: loaded
[    0.399082] squashfs: version 4.0 (2009/01/31) Phillip Lougher
[    0.399711] fuse init (API version 7.26)
[    0.402311] Key type asymmetric registered
[    0.402743] Asymmetric key parser 'x509' registered
[    0.403221] Block layer SCSI generic (bsg) driver version 0.4 loaded (major 246)
[    0.403972] io scheduler noop registered
[    0.404359] io scheduler deadline registered
[    0.405030] io scheduler cfq registered (default)
[    0.405734] ACPI: AC Adapter [AC] (on-line)
[    0.406163] input: Power Button as /devices/LNXSYSTM:00/LNXPWRBN:00/input/input0
[    0.406886] ACPI: Power Button [PWRF]
[    0.407278] input: Sleep Button as /devices/LNXSYSTM:00/LNXSLPBN:00/input/input1
[    0.407979] ACPI: Sleep Button [SLPF]
[    0.408521] Serial: 8250/16550 driver, 32 ports, IRQ sharing enabled
[    0.429488] 00:02: ttyS0 at I/O 0x3f8 (irq = 4, base_baud = 115200) is a 16550A
[    0.431483] Linux agpgart interface v0.103
[    0.434549] loop: module loaded
[    0.435168] scsi host0: ata_piix
[    0.435665] scsi host1: ata_piix
[    0.436022] ata1: PATA max UDMA/33 cmd 0x1f0 ctl 0x3f6 bmdma 0xd000 irq 14
[    0.436655] ata2: PATA max UDMA/33 cmd 0x170 ctl 0x376 bmdma 0xd008 irq 15
[    0.437447] libphy: Fixed MDIO Bus: probed
[    0.437857] tun: Universal TUN/TAP device driver, 1.6
[    0.438361] PPP generic driver version 2.4.2
[    0.438825] ehci_hcd: USB 2.0 'Enhanced' Host Controller (EHCI) Driver
[    0.439421] ehci-pci: EHCI PCI platform driver
[    0.439855] ehci-platform: EHCI generic platform driver
[    0.440357] ohci_hcd: USB 1.1 'Open' Host Controller (OHCI) Driver
[    0.440924] ohci-pci: OHCI PCI platform driver
[    0.441354] ohci-platform: OHCI generic platform driver
[    0.441853] uhci_hcd: USB Universal Host Controller Interface driver
[    0.442454] i8042: PNP: PS/2 Controller [PNP0303:PS2K,PNP0f03:PS2M] at 0x60,0x64 irq 1,12
[    0.443587] serio: i8042 KBD port at 0x60,0x64 irq 1
[    0.444072] serio: i8042 AUX port at 0x60,0x64 irq 12
[    0.444651] mousedev: PS/2 mouse device common for all mice
[    0.445352] input: AT Translated Set 2 keyboard as /devices/platform/i8042/serio0/input/input2
[    0.446422] rtc_cmos rtc_cmos: rtc core: registered rtc_cmos as rtc0
[    0.447211] rtc_cmos rtc_cmos: alarms up to one day, 114 bytes nvram
[    0.447811] i2c /dev entries driver
[    0.448182] device-mapper: uevent: version 1.0.3
[    0.448688] device-mapper: ioctl: 4.37.0-ioctl (2017-09-20) initialised: dm-devel@redhat.com
[    0.449505] ledtrig-cpu: registered to indicate activity on CPUs
[    0.450277] NET: Registered protocol family 10
[    0.452530] Segment Routing with IPv6
[    0.452918] NET: Registered protocol family 17
[    0.453399] Key type dns_resolver registered
[    0.453906] mce: Using 0 MCE banks
[    0.454256] RAS: Correctable Errors collector initialized.
[    0.454767] sched_clock: Marking stable (453891956, 0)->(560733062, -106841106)
[    0.455673] registered taskstats version 1
[    0.456081] Loading compiled-in X.509 certificates
[    0.457519] Loaded X.509 cert 'Build time autogenerated kernel key: bf5768e0b2369bd53acb56866ca104cf5a2c379b'
[    0.458692] Loaded X.509 cert 'Canonical Ltd. Live Patch Signing: 14df34d1a87cf37625abec039ef2bf521249b969'
[    0.459875] Loaded X.509 cert 'Canonical Ltd. Kernel Module Signing: 88f752e560a1e0737e31163a466ad7b70a850c19'
[    0.460808] zswap: loaded using pool lzo/zbud
[    0.462770] Key type big_key registered
[    0.463182] Key type trusted registered
[    0.464448] Key type encrypted registered
[    0.464845] AppArmor: AppArmor sha1 policy hashing enabled
[    0.465369] ima: No TPM chip found, activating TPM-bypass! (rc=-19)
[    0.465946] ima: Allocated hash algorithm: sha1
[    0.466399] evm: HMAC attrs: 0x1
[    0.466853]   Magic number: 9:56:508
[    0.467236] pci 0000:00:01.0: hash matches
[    0.467718] rtc_cmos rtc_cmos: setting system clock to 2021-10-06 01:32:06 UTC (1633483926)
[    0.468575] BIOS EDD facility v0.16 2004-Jun-25, 0 devices found
[    0.469135] EDD information not available.
[    0.619502] Freeing unused kernel image memory: 2448K
[    0.636633] Write protecting the kernel read-only data: 20480k
[    0.637652] Freeing unused kernel image memory: 2008K
[    0.638302] Freeing unused kernel image memory: 1824K
[    0.641795] x86/mm: Checked W+X mappings: passed, no W+X pages found.
Loading, please wait...
starting version 237
[    0.675628] e1000: Intel(R) PRO/1000 Network Driver - version 7.3.21-k8-NAPI
[    0.676417] e1000: Copyright (c) 1999-2006 Intel Corporation.
[    0.679747] Fusion MPT base driver 3.04.20
[    0.680360] Copyright (c) 1999-2008 LSI Corporation
[    0.686300] Fusion MPT SPI Host driver 3.04.20
[    0.689240] AVX2 version of gcm_enc/dec engaged.
[    0.689854] AES CTR mode by8 optimization enabled
[    0.906494] input: ImExPS/2 Generic Explorer Mouse as /devices/platform/i8042/serio1/input/input4
[    1.139335] e1000 0000:00:03.0 eth0: (PCI:33MHz:32-bit) 02:2f:77:f1:0c:e0
[    1.140016] e1000 0000:00:03.0 eth0: Intel(R) PRO/1000 Network Connection
[    1.141105] mptbase: ioc0: Initiating bringup
[    1.692228] ioc0: LSI53C1030 A0: Capabilities={Initiator}
[    4.357463] scsi host2: ioc0: LSI53C1030 A0, FwRev=00000000h, Ports=1, MaxQ=256, IRQ=20
[    6.250861] scsi 2:0:0:0: Direct-Access     VBOX     HARDDISK         1.0  PQ: 0 ANSI: 5
[    6.285082] scsi target2:0:0: Beginning Domain Validation
[    6.286438] scsi target2:0:0: Domain Validation skipping write tests
[    6.287043] scsi target2:0:0: Ending Domain Validation
[    6.287566] scsi target2:0:0: asynchronous
[    6.288218] scsi 2:0:1:0: Direct-Access     VBOX     HARDDISK         1.0  PQ: 0 ANSI: 5
[    6.570273] scsi target2:0:1: Beginning Domain Validation
[    6.571390] scsi target2:0:1: Domain Validation skipping write tests
[    6.571981] scsi target2:0:1: Ending Domain Validation
[    6.572963] random: fast init done
[    6.573316] scsi target2:0:1: asynchronous
[    6.575365] random: systemd-udevd: uninitialized urandom read (16 bytes read)
[    6.575469] sd 2:0:0:0: [sda] 83886080 512-byte logical blocks: (42.9 GB/40.0 GiB)
[    6.576216] random: systemd-udevd: uninitialized urandom read (16 bytes read)
[    6.576935] sd 2:0:0:0: Attached scsi generic sg0 type 0
[    6.577581] random: systemd-udevd: uninitialized urandom read (16 bytes read)
[    6.577694] sd 2:0:0:0: [sda] Write Protect is off
[    6.578211] sd 2:0:1:0: Attached scsi generic sg1 type 0
[    6.579371] sd 2:0:1:0: [sdb] 20480 512-byte logical blocks: (10.5 MB/10.0 MiB)
[    6.580668] sd 2:0:1:0: [sdb] Write Protect is off
[    6.580681] sd 2:0:0:0: [sda] Incomplete mode parameter data
[    6.581711] sd 2:0:0:0: [sda] Assuming drive cache: write through
[    6.581766] sd 2:0:1:0: [sdb] Incomplete mode parameter data
[    6.583000] sd 2:0:1:0: [sdb] Assuming drive cache: write through
[    6.594647]  sda: sda1
[    6.595449] sd 2:0:0:0: [sda] Attached SCSI disk
[    6.596160] sd 2:0:1:0: [sdb] Attached SCSI disk
[    6.604257] e1000 0000:00:08.0 eth1: (PCI:33MHz:32-bit) 08:00:27:4d:61:cd
[    6.604953] e1000 0000:00:08.0 eth1: Intel(R) PRO/1000 Network Connection
[    6.606765] e1000 0000:00:03.0 enp0s3: renamed from eth0
[    6.620615] e1000 0000:00:08.0 enp0s8: renamed from eth1
Begin: Loading essential drivers ... [    7.973379] raid6: sse2x1   gen()  9313 MB/s
[    8.020250] raid6: sse2x1   xor() 15107 MB/s
[    8.069078] raid6: sse2x2   gen() 18097 MB/s
[    8.116855] raid6: sse2x2   xor() 18204 MB/s
[    8.165241] raid6: sse2x4   gen() 24883 MB/s
[    8.213024] raid6: sse2x4   xor() 13665 MB/s
[    8.260090] raid6: avx2x1   gen() 20165 MB/s
[    8.309896] raid6: avx2x1   xor() 29092 MB/s
[    8.357748] raid6: avx2x2   gen() 41495 MB/s
[    8.405605] raid6: avx2x2   xor() 31277 MB/s
[    8.453453] raid6: avx2x4   gen() 44210 MB/s
[    8.500330] raid6: avx2x4   xor() 19275 MB/s
[    8.500766] raid6: using algorithm avx2x4 gen() 44210 MB/s
[    8.501283] raid6: .... xor() 19275 MB/s, rmw enabled
[    8.501782] raid6: using avx2x2 recovery algorithm
[    8.502772] xor: automatically using best checksumming function   avx       
[    8.503881] async_tx: api initialized (async)
done.
Begin: Running /scripts/init-premount ... done.
Begin: Mounting root file system ... Begin: Running /scripts/local-top ... done.
Begin: Running /scripts/local-premount ... [    8.526357] Btrfs loaded, crc32c=crc32c-intel
Scanning for Btrfs filesystems
done.
Warning: fsck not present, so skipping root file system
[    8.539928] EXT4-fs (sda1): mounted filesystem with ordered data mode. Opts: (null)
done.
Begin: Running /scripts/local-bottom ... done.
Begin: Running /scripts/init-bottom ... done.
[    8.638239] ip_tables: (C) 2000-2006 Netfilter Core Team
[    8.643202] systemd[1]: systemd 237 running in system mode. (+PAM +AUDIT +SELINUX +IMA +APPARMOR +SMACK +SYSVINIT +UTMP +LIBCRYPTSETUP +GCRYPT +GNUTLS +ACL +XZ +LZ4 +SECCOMP +BLKID +ELFUTILS +KMOD -IDN2 +IDN -PCRE2 default-hierarchy=hybrid)
[    8.645149] systemd[1]: Detected virtualization oracle.
[    8.645666] systemd[1]: Detected architecture x86-64.

Welcome to [1mUbuntu 18.04.6 LTS[0m!

[    8.648981] systemd[1]: Set hostname to <ubuntu>.
[    8.651273] systemd[1]: Initializing machine ID from random generator.
[    8.651903] systemd[1]: Installed transient /etc/machine-id file.
[    9.307798] systemd[1]: Reached target Swap.
[[0;32m  OK  [0m] Reached target Swap.
[    9.308569] systemd[1]: Started Forward Password Requests to Wall Directory Watch.
[[0;32m  OK  [0m] Started Forward Password Requests to Wall Directory Watch.
[    9.310405] systemd[1]: Created slice System Slice.
[[0;32m  OK  [0m] Created slice System Slice.
[    9.311194] systemd[1]: Listening on LVM2 poll daemon socket.
[[0;32m  OK  [0m] Listening on LVM2 poll daemon socket.
[[0;32m  OK  [0m] Created slice User and Session Slice.
[[0;32m  OK  [0m] Reached target Slices.
[[0;32m  OK  [0m] Listening on udev Kernel Socket.
[[0;32m  OK  [0m] Set up automount Arbitrary Executab…rmats File System Automount Point.
[[0;32m  OK  [0m] Listening on Network Service Netlink Socket.
[[0;32m  OK  [0m] Listening on LVM2 metadata daemon socket.
[[0;32m  OK  [0m] Listening on udev Control Socket.
[[0;32m  OK  [0m] Reached target System Time Synchronized.
[[0;32m  OK  [0m] Listening on Journal Socket.
         Mounting POSIX Message Queue File System...
         Mounting Kernel Debug File System...
         Mounting Huge Pages File System...
         Starting Uncomplicated firewall...
         Starting Set the console keyboard layout...
         Starting Load Kernel Modules...
[[0;32m  OK  [0m] Listening on Syslog Socket.
[[0;32m  OK  [0m] Listening on Device-mapper event daemon FIFOs.
         Starting Monitoring of LVM2 mirrors…ng dmeventd or progress polling...
[[0;32m  OK  [0m] Listening on fsck to fsckd communication Socket.
         Starting File System Check on Root Device...
[[0;32m  OK  [0m] Created slice system-serial\x2dgetty.slice.
[[0;32m  OK  [0m] Listening on /dev/initctl Compatibility Named Pipe.
[[0;32m  OK  [0m] Reached target User and Group Name Lookups.
[[0;32m  OK  [0m] Listening on Journal Socket (/dev/log).
         Starting Create list of required st…ce nodes for the current kernel...
[[0;32m  OK  [0m] Listening on Journal Audit Socket.
         Starting Journal Service...
         Starting udev Coldplug all Devices...
[[0;32m  OK  [0m] Mounted POSIX Message Queue File System.
[[0;32m  OK  [0m] Mounted Kernel Debug File System.
[    9.365501] Loading iSCSI transport class v2.0-870.
[[0;32m  OK  [0m] Mounted Huge Pages File System.
[[0;32m  OK  [0m] Started Uncomplicated firewall.
[    9.369733] iscsi: registered transport (tcp)
[    9.377559] iscsi: registered transport (iser)
[[0;32m  OK  [0m] Started Load Kernel Modules.
         Mounting FUSE Control File System...
         Mounting Kernel Configuration File System...
         Starting Apply Kernel Variables...
[[0;32m  OK  [0m] Mounted FUSE Control File System.
[[0;32m  OK  [0m] Mounted Kernel Configuration File System.
[[0;32m  OK  [0m] Started LVM2 metadata daemon.
[[0;32m  OK  [0m] Started File System Check Daemon to report status.
[[0;32m  OK  [0m] Started Create list of required sta…vice nodes for the current kernel.
         Starting Create Static Device Nodes in /dev...
[[0;32m  OK  [0m] Started Journal Service.
[[0;32m  OK  [0m] Started udev Coldplug all Devices.
[[0;32m  OK  [0m] Started Create Static Device Nodes in /dev.
[[0;32m  OK  [0m] Started Apply Kernel Variables.
[[0;32m  OK  [0m] Started Monitoring of LVM2 mirrors,…sing dmeventd or progress polling.
[[0;32m  OK  [0m] Started File System Check on Root Device.
         Starting Remount Root and Kernel File Systems...
[[0;32m  OK  [0m] Started Remount Root and Kernel File Systems.
         Starting Load/Save Random Seed...
         Starting udev Kernel Device Manager...
         Starting Flush Journal to Persistent Storage...
[[0;32m  OK  [0m] Started Load/Save Random Seed.
[[0;32m  OK  [0m] Started udev Kernel Device Manager.
[[0;32m  OK  [0m] Started Set the console keyboard layout.
[[0;32m  OK  [0m] Started Dispatch Password Requests to Console Directory Watch.
[[0;32m  OK  [0m] Reached target Local Encrypted Volumes.
[[0;32m  OK  [0m] Reached target Local File Systems (Pre).
[[0;32m  OK  [0m] Reached target Local File Systems.
         Starting ebtables ruleset management...
         Starting Commit a transient machine-id on disk...
         Starting AppArmor initialization...
         Starting Set console font and keymap...
         Starting Tell Plymouth To Write Out Runtime Data...
[[0;32m  OK  [0m] Started Flush Journal to Persistent Storage.
         Starting Create Volatile Files and Directories...
[[0;32m  OK  [0m] Started Set console font and keymap.
[[0;32m  OK  [0m] Started Tell Plymouth To Write Out Runtime Data.
[[0;32m  OK  [0m] Started Create Volatile Files and Directories.
         Starting Update UTMP about System Boot/Shutdown...
[[0;32m  OK  [0m] Started Update UTMP about System Boot/Shutdown.
[[0;32m  OK  [0m] Started Commit a transient machine-id on disk.
[[0;32m  OK  [0m] Started ebtables ruleset management.
[[0;32m  OK  [0m] Found device /dev/ttyS0.
[[0;32m  OK  [0m] Listening on Load/Save RF Kill Switch Status /dev/rfkill Watch.
[[0;32m  OK  [0m] Started AppArmor initialization.
         Starting Load AppArmor profiles managed internally by snapd...
         Starting Initial cloud-init job (pre-networking)...
[[0;32m  OK  [0m] Started Load AppArmor profiles managed internally by snapd.
[   11.213759] cloud-init[582]: Cloud-init v. 21.2-3-g899bfaa9-0ubuntu2~18.04.1 running 'init-local' at Wed, 06 Oct 2021 01:32:17 +0000. Up 10.97 seconds.
[[0;32m  OK  [0m] Started Initial cloud-init job (pre-networking).
[[0;32m  OK  [0m] Reached target Network (Pre).
         Starting Network Service...
[[0;32m  OK  [0m] Started Network Service.
         Starting Network Name Resolution...
         Starting Wait for Network to be Configured...
[[0;32m  OK  [0m] Started Network Name Resolution.
[[0;32m  OK  [0m] Reached target Host and Network Name Lookups.
[[0;32m  OK  [0m] Reached target Network.
[[0;32m  OK  [0m] Started Wait for Network to be Configured.
         Starting Initial cloud-init job (metadata service crawler)...
[   13.547073] cloud-init[723]: Cloud-init v. 21.2-3-g899bfaa9-0ubuntu2~18.04.1 running 'init' at Wed, 06 Oct 2021 01:32:19 +0000. Up 13.41 seconds.
[   13.548502] cloud-init[723]: ci-info: ++++++++++++++++++++++++++++++++++++++Net device info++++++++++++++++++++++++++++++++++++++
[   13.549469] cloud-init[723]: ci-info: +--------+-------+---------------------------+---------------+--------+-------------------+
[   13.550262] cloud-init[723]: ci-info: | Device |   Up  |          Address          |      Mask     | Scope  |     Hw-Address    |
[   13.551010] cloud-init[723]: ci-info: +--------+-------+---------------------------+---------------+--------+-------------------+
[   13.552018] cloud-init[723]: ci-info: | enp0s3 |  True |         10.0.2.15         | 255.255.255.0 | global | 02:2f:77:f1:0c:e0 |
[   13.552781] cloud-init[723]: ci-info: | enp0s3 |  True | fe80::2f:77ff:fef1:ce0/64 |       .       |  link  | 02:2f:77:f1:0c:e0 |
[   13.553484] cloud-init[723]: ci-info: | enp0s8 | False |             .             |       .       |   .    | 08:00:27:4d:61:cd |
[   13.554197] cloud-init[723]: ci-info: |   lo   |  True |         127.0.0.1         |   255.0.0.0   |  host  |         .         |
[   13.554882] cloud-init[723]: ci-info: |   lo   |  True |          ::1/128          |       .       |  host  |         .         |
[   13.555582] cloud-init[723]: ci-info: +--------+-------+---------------------------+---------------+--------+-------------------+
[   13.556295] cloud-init[723]: ci-info: ++++++++++++++++++++++++++++Route IPv4 info+++++++++++++++++++++++++++++
[   13.556935] cloud-init[723]: ci-info: +-------+-------------+----------+-----------------+-----------+-------+
[   13.557525] cloud-init[723]: ci-info: | Route | Destination | Gateway  |     Genmask     | Interface | Flags |
[   13.558167] cloud-init[723]: ci-info: +-------+-------------+----------+-----------------+-----------+-------+
[   13.558780] cloud-init[723]: ci-info: |   0   |   0.0.0.0   | 10.0.2.2 |     0.0.0.0     |   enp0s3  |   UG  |
[   13.559412] cloud-init[723]: ci-info: |   1   |   10.0.2.0  | 0.0.0.0  |  255.255.255.0  |   enp0s3  |   U   |
[   13.559983] cloud-init[723]: ci-info: |   2   |   10.0.2.2  | 0.0.0.0  | 255.255.255.255 |   enp0s3  |   UH  |
[   13.560617] cloud-init[723]: ci-info: +-------+-------------+----------+-----------------+-----------+-------+
[   13.561236] cloud-init[723]: ci-info: +++++++++++++++++++Route IPv6 info+++++++++++++++++++
[   13.561768] cloud-init[723]: ci-info: +-------+-------------+---------+-----------+-------+
[   13.562273] cloud-init[723]: ci-info: | Route | Destination | Gateway | Interface | Flags |
[   13.562793] cloud-init[723]: ci-info: +-------+-------------+---------+-----------+-------+
[   13.563321] cloud-init[723]: ci-info: |   1   |  fe80::/64  |    ::   |   enp0s3  |   U   |
[   13.563956] cloud-init[723]: ci-info: |   3   |    local    |    ::   |   enp0s3  |   U   |
[   13.564535] cloud-init[723]: ci-info: |   4   |   ff00::/8  |    ::   |   enp0s3  |   U   |
[   13.565056] cloud-init[723]: ci-info: +-------+-------------+---------+-----------+-------+
[   14.049543] cloud-init[723]: Generating public/private rsa key pair.
[   14.050083] cloud-init[723]: Your identification has been saved in /etc/ssh/ssh_host_rsa_key.
[   14.050667] cloud-init[723]: Your public key has been saved in /etc/ssh/ssh_host_rsa_key.pub.
[   14.051229] cloud-init[723]: The key fingerprint is:
[   14.051642] cloud-init[723]: SHA256:RcrliL6ijJ9bsKZCx5co+p0IBJkYFWmXhA7HwcezBTY root@ubuntu-bionic
[   14.052254] cloud-init[723]: The key's randomart image is:
[   14.052646] cloud-init[723]: +---[RSA 2048]----+
[   14.053018] cloud-init[723]: |.++BEo    o      |
[   14.053383] cloud-init[723]: |o+B.*..o *       |
[   14.053737] cloud-init[723]: |== o +. + o      |
[   14.054097] cloud-init[723]: |. . ..   .       |
[   14.054462] cloud-init[723]: | .o . o S        |
[   14.054811] cloud-init[723]: |.o * o .         |
[   14.055185] cloud-init[723]: |+ = + .          |
[   14.055527] cloud-init[723]: |o* * o           |
[   14.056031] cloud-init[723]: |+oO.o            |
[   14.056493] cloud-init[723]: +----[SHA256]-----+
[   14.056892] cloud-init[723]: Generating public/private dsa key pair.
[   14.057331] cloud-init[723]: Your identification has been saved in /etc/ssh/ssh_host_dsa_key.
[   14.057863] cloud-init[723]: Your public key has been saved in /etc/ssh/ssh_host_dsa_key.pub.
[   14.058438] cloud-init[723]: The key fingerprint is:
[   14.058821] cloud-init[723]: SHA256:HxFVkdQTl5+4TcYzJLplpgdxxOsfPsKNrs4N8cn1hL0 root@ubuntu-bionic
[   14.059370] cloud-init[723]: The key's randomart image is:
[   14.059771] cloud-init[723]: +---[DSA 1024]----+
[   14.060125] cloud-init[723]: |          ..+++=+|
[   14.060541] cloud-init[723]: |           o +.+o|
[   14.060899] cloud-init[723]: |          . + * +|
[   14.061249] cloud-init[723]: |           + * X.|
[   14.061614] cloud-init[723]: |        S ..O *.=|
[   14.061989] cloud-init[723]: |         . +++o+o|
[   14.062357] cloud-init[723]: |          ..o+=Eo|
[   14.062721] cloud-init[723]: |          . o+ = |
[   14.063078] cloud-init[723]: |          .+oo. .|
[   14.063419] cloud-init[723]: +----[SHA256]-----+
[   14.063767] cloud-init[723]: Generating public/private ecdsa key pair.
[   14.064277] cloud-init[723]: Your identification has been saved in /etc/ssh/ssh_host_ecdsa_key.
[   14.064839] cloud-init[723]: Your public key has been saved in /etc/ssh/ssh_host_ecdsa_key.pub.
[   14.065416] cloud-init[723]: The key fingerprint is:
[   14.065782] cloud-init[723]: SHA256:rLZpAIB4bycErEPf92dtgPkLnup5MZA4lQyyHkl/Z1Q root@ubuntu-bionic
[   14.066334] cloud-init[723]: The key's randomart image is:
[   14.066733] cloud-init[723]: +---[ECDSA 256]---+
[   14.067095] cloud-init[723]: |o..+ .o ...E     |
[   14.067486] cloud-init[723]: |+.+ *  +.        |
[   14.067855] cloud-init[723]: |.+.*..o..oo      |
[   14.068234] cloud-init[723]: |o o.=+o=oo .     |
[   14.068590] cloud-init[723]: | . + oo S . o    |
[   14.068936] cloud-init[723]: |    .  . = + o   |
[   14.069306] cloud-init[723]: |     .o . B o    |
[   14.069672] cloud-init[723]: |     ..o.+ .     |
[   14.070029] cloud-init[723]: |     .++o        |
[   14.070384] cloud-init[723]: +----[SHA256]-----+
[   14.070731] cloud-init[723]: Generating public/private ed25519 key pair.
[   14.071200] cloud-init[723]: Your identification has been saved in /etc/ssh/ssh_host_ed25519_key.
[   14.071752] cloud-init[723]: Your public key has been saved in /etc/ssh/ssh_host_ed25519_key.pub.
[   14.072342] cloud-init[723]: The key fingerprint is:
[   14.072692] cloud-init[723]: SHA256:5YIdWg1qy+qsTbrwnx1hP8gkVPf9rOWmMPsRuLro3S4 root@ubuntu-bionic
[   14.073220] cloud-init[723]: The key's randomart image is:
[   14.073595] cloud-init[723]: +--[ED25519 256]--+
[   14.073959] cloud-init[723]: |      . o        |
[   14.074318] cloud-init[723]: |     . o + .     |
[   14.074680] cloud-init[723]: |    . o o + .    |
[   14.075040] cloud-init[723]: |   . o * + . o   |
[   14.075416] cloud-init[723]: |    . O S o . +  |
[   14.075772] cloud-init[723]: |     * + . . =   |
[   14.076130] cloud-init[723]: |.   o + o + o o  |
[   14.076517] cloud-init[723]: | o * o +E+ + +   |
[   14.076895] cloud-init[723]: |  =+*.+ +++.o    |
[   14.077230] cloud-init[723]: +----[SHA256]-----+
[[0;32m  OK  [0m] Started Initial cloud-init job (metadata service crawler).
[[0;32m  OK  [0m] Reached target Network is Online.
[[0;32m  OK  [0m] Reached target Remote File Systems (Pre).
[[0;32m  OK  [0m] Reached target Remote File Systems.
         Starting Availability of block devices...
[[0;32m  OK  [0m] Reached target Cloud-config availability.
[[0;32m  OK  [0m] Reached target System Initialization.
[[0;32m  OK  [0m] Listening on UUID daemon activation socket.
[[0;32m  OK  [0m] Started ACPI Events Check.
[[0;32m  OK  [0m] Started Daily apt download activities.
[[0;32m  OK  [0m] Listening on D-Bus System Message Bus Socket.
[[0;32m  OK  [0m] Reached target Paths.
[[0;32m  OK  [0m] Listening on Open-iSCSI iscsid Socket.
[[0;32m  OK  [0m] Started Ubuntu Advantage update messaging.
[[0;32m  OK  [0m] Listening on ACPID Listen Socket.
         Starting Socket activation for snappy daemon.
[[0;32m  OK  [0m] Started Daily Cleanup of Temporary Directories.
         Starting LXD - unix socket.
[[0;32m  OK  [0m] Started Discard unused blocks once a week.
[[0;32m  OK  [0m] Started Daily apt upgrade and clean activities.
[[0;32m  OK  [0m] Started Message of the Day.
[[0;32m  OK  [0m] Reached target Timers.
[[0;32m  OK  [0m] Started Availability of block devices.
[[0;32m  OK  [0m] Listening on Socket activation for snappy daemon.
[[0;32m  OK  [0m] Listening on LXD - unix socket.
[[0;32m  OK  [0m] Reached target Sockets.
[[0;32m  OK  [0m] Reached target Basic System.
[[0;32m  OK  [0m] Started Deferred execution scheduler.
         Starting LSB: automatic crash report generation...
         Starting Pollinate to seed the pseudo random number generator...
         Starting Permit User Sessions...
         Starting Login Service...
[[0;32m  OK  [0m] Started irqbalance daemon.
         Starting Dispatcher daemon for systemd-networkd...
         Starting Accounts Service...
[[0;32m  OK  [0m] Started D-Bus System Message Bus.
         Starting LXD - container startup/shutdown...
         Starting Virtualbox guest utils...
[[0;32m  OK  [0m] Started Regular background program processing daemon.
         Starting LSB: Record successful boot for GRUB...
[[0;32m  OK  [0m] Started FUSE filesystem for LXC.
         Starting System Logging Service...
         Starting Snap Daemon...
[[0;32m  OK  [0m] Started Permit User Sessions.
[[0;32m  OK  [0m] Started Login Service.
[[0;32m  OK  [0m] Started Unattended Upgrades Shutdown.
         Starting Hold until boot process finishes up...
         Starting Terminate Plymouth Boot Screen...
[[0;32m  OK  [0m] Started Hold until boot process finishes up.
[[0;32m  OK  [0m] Started Serial Getty on ttyS0.
         Starting Set console scheme...
[[0;32m  OK  [0m] Started Terminate Plymouth Boot Screen.
[[0;32m  OK  [0m] Started System Logging Service.
[[0;32m  OK  [0m] Started Set console scheme.
[[0;32m  OK  [0m] Created slice system-getty.slice.
[[0;32m  OK  [0m] Started Getty on tty1.
[[0;32m  OK  [0m] Reached target Login Prompts.
         Starting Authorization Manager...
[[0;32m  OK  [0m] Started LSB: automatic crash report generation.
[[0;32m  OK  [0m] Started Authorization Manager.
[[0;32m  OK  [0m] Started Accounts Service.
[[0;32m  OK  [0m] Started LXD - container startup/shutdown.
[[0;32m  OK  [0m] Started LSB: Record successful boot for GRUB.
[[0;32m  OK  [0m] Started Virtualbox guest utils.
[[0;32m  OK  [0m] Started Dispatcher daemon for systemd-networkd.
[[0;32m  OK  [0m] Started Snap Daemon.
         Starting Wait until snapd is fully seeded...
[[0;32m  OK  [0m] Started Pollinate to seed the pseudo random number generator.
         Starting OpenBSD Secure Shell server...
[[0;32m  OK  [0m] Started OpenBSD Secure Shell server.
[[0;32m  OK  [0m] Created slice User Slice of vagrant.
         Starting User Manager for UID 1000...
[[0;32m  OK  [0m] Started Session 1 of user vagrant.
[[0;32m  OK  [0m] Started User Manager for UID 1000.
[[0;32m  OK  [0m] Started Wait until snapd is fully seeded.
         Starting Apply the settings specified in cloud-config...
[[0;32m  OK  [0m] Reached target Multi-User System.
[[0;32m  OK  [0m] Reached target Graphical Interface.
         Starting Update UTMP about System Runlevel Changes...
[[0;32m  OK  [0m] Started Update UTMP about System Runlevel Changes.
[   17.087684] cloud-init[1418]: Cloud-init v. 21.2-3-g899bfaa9-0ubuntu2~18.04.1 running 'modules:config' at Wed, 06 Oct 2021 01:32:22 +0000. Up 16.82 seconds.
[[0;32m  OK  [0m] Started Apply the settings specified in cloud-config.
         Starting Execute cloud user/final scripts...
ci-info: no authorized SSH keys fingerprints found for user ubuntu.
<14>Oct  6 01:32:23 cloud-init: #############################################################
<14>Oct  6 01:32:23 cloud-init: -----BEGIN SSH HOST KEY FINGERPRINTS-----
<14>Oct  6 01:32:23 cloud-init: 1024 SHA256:HxFVkdQTl5+4TcYzJLplpgdxxOsfPsKNrs4N8cn1hL0 root@ubuntu-bionic (DSA)
<14>Oct  6 01:32:23 cloud-init: 256 SHA256:rLZpAIB4bycErEPf92dtgPkLnup5MZA4lQyyHkl/Z1Q root@ubuntu-bionic (ECDSA)
<14>Oct  6 01:32:23 cloud-init: 256 SHA256:5YIdWg1qy+qsTbrwnx1hP8gkVPf9rOWmMPsRuLro3S4 root@ubuntu-bionic (ED25519)
<14>Oct  6 01:32:23 cloud-init: 2048 SHA256:RcrliL6ijJ9bsKZCx5co+p0IBJkYFWmXhA7HwcezBTY root@ubuntu-bionic (RSA)
<14>Oct  6 01:32:23 cloud-init: -----END SSH HOST KEY FINGERPRINTS-----
<14>Oct  6 01:32:23 cloud-init: #############################################################
-----BEGIN SSH HOST KEY KEYS-----
ecdsa-sha2-nistp256 AAAAE2VjZHNhLXNoYTItbmlzdHAyNTYAAAAIbmlzdHAyNTYAAABBBDzqrPBEOJ10Bc10mcRX3dIYSNFGGll8fYJ75nWdlDRpYhge/EjtP2hUoF/p8HULCGmCdnKTWgz6NElY2ibX6Uo= root@ubuntu-bionic
ssh-ed25519 AAAAC3NzaC1lZDI1NTE5AAAAIFtcjdw8AY3Y/iS9dBxmG6aVqWT5XeWRp3wb4jFVsRz2 root@ubuntu-bionic
ssh-rsa AAAAB3NzaC1yc2EAAAADAQABAAABAQCkBs9KGdBsDUGGb6H/5E3mzkYzbact3q8hykDkGVs8JS70MJPU0FUog8kCODRoFNJDfZAMj70c90RbvEJ5f5OxYIJcevF4qsVCOJWytdicTGqOHYLfZ+6lS7+IxYeiYoMrUJbgIcGgoqetom5q/TnNtGF+ilxtfsiB1MYogNNg2N+oMvoP23VkkUwvc3yZW4WzG4/th8kh2/2bKR8rsRg/r5keYTplfzA7BffFRPK3npQkl/oLRsi7wC4/QgyDYVmx4gCy79Q4A2JWJaf+V1XKb4jPtDk8YZkBMBp/+Tq7KrqEbjiBn0pmvIOUtpaK4JoO068tqVD9UIr77HA6NqaT root@ubuntu-bionic
-----END SSH HOST KEY KEYS-----
[   17.524323] cloud-init[1542]: Cloud-init v. 21.2-3-g899bfaa9-0ubuntu2~18.04.1 running 'modules:final' at Wed, 06 Oct 2021 01:32:23 +0000. Up 17.39 seconds.
[   17.529142] cloud-init[1542]: ci-info: no authorized SSH keys fingerprints found for user ubuntu.
[   17.529792] cloud-init[1542]: Cloud-init v. 21.2-3-g899bfaa9-0ubuntu2~18.04.1 finished at Wed, 06 Oct 2021 01:32:23 +0000. Datasource DataSourceNoCloud [seed=/dev/sdb][dsmode=net].  Up 17.51 seconds
[[0;32m  OK  [0m] Started Execute cloud user/final scripts.
[[0;32m  OK  [0m] Reached target Cloud-init target.

Ubuntu 18.04.6 LTS ubuntu-bionic ttyS0

ubuntu-bionic login: 